2020-02-28 20:49:08,422 - Scrappers.demo - INFO - 
    
  _________                  .__                         __                  __   
 /   _____/ ______________  _|__| ____  ____     _______/  |______  ________/  |_ 
 \_____  \_/ __ \_  __ \  \/ /  |/ ___\/ __ \   /  ___/\   __\__  \ \_  __ \   __|
 /        \  ___/|  | \/\   /|  \  \__\  ___/   \___ \  |  |  / __ \|  | \/|  |  
/_______  /\___  >__|    \_/ |__|\___  >___  > /____  > |__| (____  /__|   |__|  
        \/     \/                    \/    \/       \/            \/             
    
    
2020-02-28 20:49:08,422 - Scrappers.demo - DEBUG - Using Database name Conference_Notify
2020-02-28 20:49:08,423 - Scrappers.demo - DEBUG - Using address localhost:27017
2020-02-28 20:49:08,424 - Scrappers.demo - DEBUG - Using Collection name conference
2020-02-28 20:49:08,426 - Scrappers.demo - INFO - Succefully created mongodb client connection on host:localhost , port:27017 
2020-02-28 20:49:08,426 - Scrappers.demo - INFO - Scrappers.demo setup complete !!
2020-02-28 20:49:08,426 - Scrappers.demo - INFO - Demo initialized !!!
2020-02-28 20:49:08,426 - Scrappers.demo - INFO - Closing connection to mongodb !!
2020-02-28 20:49:08,427 - Scrappers.demo - INFO - Succesfully Closed connection to mongodb !!
2020-02-28 20:49:35,242 - Scrappers.demo - INFO - 
    
  _________                  .__                         __                  __   
 /   _____/ ______________  _|__| ____  ____     _______/  |______  ________/  |_ 
 \_____  \_/ __ \_  __ \  \/ /  |/ ___\/ __ \   /  ___/\   __\__  \ \_  __ \   __|
 /        \  ___/|  | \/\   /|  \  \__\  ___/   \___ \  |  |  / __ \|  | \/|  |  
/_______  /\___  >__|    \_/ |__|\___  >___  > /____  > |__| (____  /__|   |__|  
        \/     \/                    \/    \/       \/            \/             
    
    
2020-02-28 20:49:35,242 - Scrappers.demo - DEBUG - Using Database name Conference_Notify
2020-02-28 20:49:35,242 - Scrappers.demo - DEBUG - Using address localhost:27017
2020-02-28 20:49:35,243 - Scrappers.demo - DEBUG - Using Collection name conference
2020-02-28 20:49:35,265 - Scrappers.demo - INFO - Succefully created mongodb client connection on host:localhost , port:27017 
2020-02-28 20:49:35,266 - Scrappers.demo - INFO - Scrappers.demo setup complete !!
2020-02-28 20:49:35,266 - Scrappers.demo - INFO - Demo initialized !!!
2020-02-28 20:49:35,266 - Scrappers.demo - INFO - Closing connection to mongodb !!
2020-02-28 20:49:35,267 - Scrappers.demo - INFO - Succesfully Closed connection to mongodb !!
2020-02-28 20:49:56,737 - Scrappers.demo - INFO - 
    
  _________                  .__                         __                  __   
 /   _____/ ______________  _|__| ____  ____     _______/  |______  ________/  |_ 
 \_____  \_/ __ \_  __ \  \/ /  |/ ___\/ __ \   /  ___/\   __\__  \ \_  __ \   __|
 /        \  ___/|  | \/\   /|  \  \__\  ___/   \___ \  |  |  / __ \|  | \/|  |  
/_______  /\___  >__|    \_/ |__|\___  >___  > /____  > |__| (____  /__|   |__|  
        \/     \/                    \/    \/       \/            \/             
    
    
2020-02-28 20:49:56,737 - Scrappers.demo - DEBUG - Using Database name Conference_Notify
2020-02-28 20:49:56,737 - Scrappers.demo - DEBUG - Using address localhost:27017
2020-02-28 20:49:56,738 - Scrappers.demo - DEBUG - Using Collection name conference
2020-02-28 20:49:56,749 - Scrappers.demo - INFO - Succefully created mongodb client connection on host:localhost , port:27017 
2020-02-28 20:49:56,750 - Scrappers.demo - INFO - Scrappers.demo setup complete !!
2020-02-28 20:49:56,750 - Scrappers.demo - INFO - Demo initialized !!!
2020-02-28 20:49:56,750 - Scrappers.demo - INFO - Closing connection to mongodb !!
2020-02-28 20:49:56,751 - Scrappers.demo - INFO - Succesfully Closed connection to mongodb !!
2020-02-28 20:51:49,911 - Scrappers.demo - INFO - 
    
  _________                  .__                         __                  __   
 /   _____/ ______________  _|__| ____  ____     _______/  |______  ________/  |_ 
 \_____  \_/ __ \_  __ \  \/ /  |/ ___\/ __ \   /  ___/\   __\__  \ \_  __ \   __|
 /        \  ___/|  | \/\   /|  \  \__\  ___/   \___ \  |  |  / __ \|  | \/|  |  
/_______  /\___  >__|    \_/ |__|\___  >___  > /____  > |__| (____  /__|   |__|  
        \/     \/                    \/    \/       \/            \/             
    
    
2020-02-28 20:51:49,912 - Scrappers.demo - DEBUG - Using Database name Conference_Notify
2020-02-28 20:51:49,912 - Scrappers.demo - DEBUG - Using address localhost:27017
2020-02-28 20:51:49,913 - Scrappers.demo - DEBUG - Using Collection name conference
2020-02-28 20:51:49,934 - Scrappers.demo - INFO - Succefully created mongodb client connection on host:localhost , port:27017 
2020-02-28 20:51:49,935 - Scrappers.demo - INFO - Scrappers.demo setup complete !!
2020-02-28 20:51:49,935 - Scrappers.demo - INFO - Demo initialized !!!
2020-02-28 20:51:49,935 - Scrappers.demo - INFO - Closing connection to mongodb !!
2020-02-28 20:51:49,935 - Scrappers.demo - INFO - Succesfully Closed connection to mongodb !!
