2020-02-28 20:49:08,084 - __main__ - INFO - 
    
  _________                  .__                         __                  __   
 /   _____/ ______________  _|__| ____  ____     _______/  |______  ________/  |_ 
 \_____  \_/ __ \_  __ \  \/ /  |/ ___\/ __ \   /  ___/\   __\__  \ \_  __ \   __|
 /        \  ___/|  | \/\   /|  \  \__\  ___/   \___ \  |  |  / __ \|  | \/|  |  
/_______  /\___  >__|    \_/ |__|\___  >___  > /____  > |__| (____  /__|   |__|  
        \/     \/                    \/    \/       \/            \/             
    
    
2020-02-28 20:49:08,084 - __main__ - INFO - Application started , Extracting all the plugins
2020-02-28 20:49:08,427 - __main__ - INFO - Scrapping done from all Scrapper plugins
2020-02-28 20:49:34,905 - __main__ - INFO - Application started , Extracting all the plugins
2020-02-28 20:49:35,267 - __main__ - INFO - Scrapping done from all Scrapper plugins
2020-02-28 20:49:56,389 - __main__ - INFO - 
    
  _________                  .__                         __                  __   
 /   _____/ ______________  _|__| ____  ____     _______/  |______  ________/  |_ 
 \_____  \_/ __ \_  __ \  \/ /  |/ ___\/ __ \   /  ___/\   __\__  \ \_  __ \   __|
 /        \  ___/|  | \/\   /|  \  \__\  ___/   \___ \  |  |  / __ \|  | \/|  |  
/_______  /\___  >__|    \_/ |__|\___  >___  > /____  > |__| (____  /__|   |__|  
        \/     \/                    \/    \/       \/            \/             
    
    
2020-02-28 20:49:56,389 - __main__ - INFO - Application started , Extracting all the plugins
2020-02-28 20:49:56,751 - __main__ - INFO - Scrapping done from all Scrapper plugins
2020-02-28 20:51:49,566 - __main__ - INFO - 
    
  _________                  .__                         __                  __   
 /   _____/ ______________  _|__| ____  ____     _______/  |______  ________/  |_ 
 \_____  \_/ __ \_  __ \  \/ /  |/ ___\/ __ \   /  ___/\   __\__  \ \_  __ \   __|
 /        \  ___/|  | \/\   /|  \  \__\  ___/   \___ \  |  |  / __ \|  | \/|  |  
/_______  /\___  >__|    \_/ |__|\___  >___  > /____  > |__| (____  /__|   |__|  
        \/     \/                    \/    \/       \/            \/             
    
    
2020-02-28 20:51:49,566 - __main__ - INFO - Application started , Extracting all the plugins
2020-02-28 20:51:49,935 - __main__ - INFO - Scrapping done from all Scrapper plugins
